Build started 10/2/2016 2:16:41 PM.
     1>Project "E:\DATA\Study\social network\Coding\BAO CAO\Source Code\keyplayers_Probability_GUI\keyplayers_Probability_GUI\keyplayers_Probability_GUI.vcxproj" on node 2 (build target(s)).
     1>InitializeBuildStatus:
         Creating "Debug\keyplayers_Probability_GUI.unsuccessfulbuild" because "AlwaysCreate" was specified.
       ClCompile:
         All outputs are up-to-date.
         C:\Program Files (x86)\Microsoft Visual Studio 10.0\VC\bin\CL.exe /c /ZI /nologo /W3 /WX- /Od /Oy- /D WIN32 /D _WINDOWS /D _DEBUG /D _UNICODE /D UNICODE /Gm /EHsc /RTC1 /MTd /GS /fp:precise /Zc:wchar_t /Zc:forScope /Yu"StdAfx.h" /Fp"Debug\keyplayers_Probability_GUI.pch" /Fo"Debug\\" /Fd"Debug\vc100.pdb" /Gd /TP /analyze- /errorReport:prompt keyplayers_Probability_GUIDlg.cpp
         keyplayers_Probability_GUIDlg.cpp
     1>e:\data\study\social network\coding\bao cao\source code\keyplayers_probability_gui\keyplayers_probability_gui\keyplayers_probability_guidlg.cpp(278): warning C4244: 'argument' : conversion from 'time_t' to 'unsigned int', possible loss of data
     1>e:\data\study\social network\coding\bao cao\source code\keyplayers_probability_gui\keyplayers_probability_gui\keyplayers_probability_guidlg.cpp(287): warning C4244: '=' : conversion from 'double' to 'float', possible loss of data
     1>e:\data\study\social network\coding\bao cao\source code\keyplayers_probability_gui\keyplayers_probability_gui\keyplayers_probability_guidlg.cpp(311): warning C4244: '=' : conversion from 'double' to 'float', possible loss of data
     1>e:\data\study\social network\coding\bao cao\source code\keyplayers_probability_gui\keyplayers_probability_gui\keyplayers_probability_guidlg.cpp(315): warning C4244: '=' : conversion from 'int' to 'float', possible loss of data
     1>e:\data\study\social network\coding\bao cao\source code\keyplayers_probability_gui\keyplayers_probability_gui\keyplayers_probability_guidlg.cpp(468): warning C4244: 'argument' : conversion from 'double' to 'float', possible loss of data
     1>e:\data\study\social network\coding\bao cao\source code\keyplayers_probability_gui\keyplayers_probability_gui\keyplayers_probability_guidlg.cpp(493): warning C4244: '+=' : conversion from 'double' to 'float', possible loss of data
     1>e:\data\study\social network\coding\bao cao\source code\keyplayers_probability_gui\keyplayers_probability_gui\keyplayers_probability_guidlg.cpp(714): warning C4244: 'argument' : conversion from 'double' to 'float', possible loss of data
     1>e:\data\study\social network\coding\bao cao\source code\keyplayers_probability_gui\keyplayers_probability_gui\keyplayers_probability_guidlg.cpp(757): warning C4996: 'ctime': This function or variable may be unsafe. Consider using ctime_s instead. To disable deprecation, use _CRT_SECURE_NO_WARNINGS. See online help for details.
                 c:\program files (x86)\microsoft visual studio 10.0\vc\include\time.inl(86) : see declaration of 'ctime'
     1>e:\data\study\social network\coding\bao cao\source code\keyplayers_probability_gui\keyplayers_probability_gui\keyplayers_probability_guidlg.cpp(793): warning C4996: 'ctime': This function or variable may be unsafe. Consider using ctime_s instead. To disable deprecation, use _CRT_SECURE_NO_WARNINGS. See online help for details.
                 c:\program files (x86)\microsoft visual studio 10.0\vc\include\time.inl(86) : see declaration of 'ctime'
     1>e:\data\study\social network\coding\bao cao\source code\keyplayers_probability_gui\keyplayers_probability_gui\keyplayers_probability_guidlg.cpp(875): warning C4996: 'ctime': This function or variable may be unsafe. Consider using ctime_s instead. To disable deprecation, use _CRT_SECURE_NO_WARNINGS. See online help for details.
                 c:\program files (x86)\microsoft visual studio 10.0\vc\include\time.inl(86) : see declaration of 'ctime'
     1>e:\data\study\social network\coding\bao cao\source code\keyplayers_probability_gui\keyplayers_probability_gui\keyplayers_probability_guidlg.cpp(916): warning C4996: 'ctime': This function or variable may be unsafe. Consider using ctime_s instead. To disable deprecation, use _CRT_SECURE_NO_WARNINGS. See online help for details.
                 c:\program files (x86)\microsoft visual studio 10.0\vc\include\time.inl(86) : see declaration of 'ctime'
       ResourceCompile:
         All outputs are up-to-date.
       ManifestResourceCompile:
         All outputs are up-to-date.
       Link:
         C:\Program Files (x86)\Microsoft Visual Studio 10.0\VC\bin\link.exe /ERRORREPORT:PROMPT /OUT:"E:\DATA\Study\social network\Coding\BAO CAO\Source Code\keyplayers_Probability_GUI\Debug\keyplayers_Probability_GUI.exe" /INCREMENTAL /NOLOGO /MANIFEST /ManifestFile:"Debug\keyplayers_Probability_GUI.exe.intermediate.manifest" /MANIFESTUAC:"level='asInvoker' uiAccess='false'" /DEBUG /PDB:"E:\DATA\Study\social network\Coding\BAO CAO\Source Code\keyplayers_Probability_GUI\Debug\keyplayers_Probability_GUI.pdb" /SUBSYSTEM:WINDOWS /TLBID:1 /ENTRY:"wWinMainCRTStartup" /DYNAMICBASE /NXCOMPAT /IMPLIB:"E:\DATA\Study\social network\Coding\BAO CAO\Source Code\keyplayers_Probability_GUI\Debug\keyplayers_Probability_GUI.lib" /MACHINE:X86 Debug\keyplayers_Probability_GUI.res
         Debug\keyplayers_Probability_GUI.exe.embed.manifest.res
         Debug\keyplayers_Probability_GUI.obj
         Debug\keyplayers_Probability_GUIDlg.obj
         Debug\stdafx.obj
       Manifest:
         C:\Program Files (x86)\Microsoft SDKs\Windows\v7.0A\bin\mt.exe /nologo /verbose /out:"Debug\keyplayers_Probability_GUI.exe.embed.manifest" /manifest Debug\keyplayers_Probability_GUI.exe.intermediate.manifest "C:\Program Files (x86)\Microsoft Visual Studio 10.0\VC\Include\Manifest\dpiaware.manifest"
         All outputs are up-to-date.
       LinkEmbedManifest:
         All outputs are up-to-date.
         keyplayers_Probability_GUI.vcxproj -> E:\DATA\Study\social network\Coding\BAO CAO\Source Code\keyplayers_Probability_GUI\Debug\keyplayers_Probability_GUI.exe
       FinalizeBuildStatus:
         Deleting file "Debug\keyplayers_Probability_GUI.unsuccessfulbuild".
         Touching "Debug\keyplayers_Probability_GUI.lastbuildstate".
     1>Done Building Project "E:\DATA\Study\social network\Coding\BAO CAO\Source Code\keyplayers_Probability_GUI\keyplayers_Probability_GUI\keyplayers_Probability_GUI.vcxproj" (build target(s)).

Build succeeded.

Time Elapsed 00:00:02.00
